# JRE version: Java(TM) SE Runtime Environment (26.0.1+8) (build 26.0.1+8-34)
# Java VM: Java HotSpot(TM) 64-Bit Server VM (26.0.1+8-34, mixed mode, emulated-client, sharing, tiered, compressed oops, compressed class ptrs, g1 gc, windows-amd64)
GC Precious Log:
 CardTable entry size: 512
 Card Set container configuration: InlinePtr #cards 5 size 8 Array Of Cards #cards 10 size 36 Howl #buckets 4 coarsen threshold 1843 Howl Bitmap #cards 512 size 80 coarsen threshold 460 Card regions per heap region 1 cards per card region 2048
 CPUs: 8 total, 8 available
 Memory: 8035M
 Large Page Support: Disabled
 NUMA Support: Disabled
 Compressed Oops: Enabled (32-bit)
 Heap Region Size: 1M
 Heap Min Capacity: 8M
 Heap Initial Capacity: 8M
 Heap Max Capacity: 2010M
 Pre-touch: Disabled
 Parallel Workers: 8
 Concurrent Workers: 2
 Concurrent Refinement Workers: 8
 Periodic GC: Disabled
Heap:
 garbage-first heap   total reserved 2058240K, committed 43008K, used 31811K [0x0000000082600000, 0x0000000100000000)
  region size 1M, 0 eden (0M), 2 survivor (2M), 29 old (29M), 1 humongous (1M), 10 free (10M)
GC Heap Usage History (20 events):
Event: 13.682 {heap After GC invocations=26 (full 0):
 garbage-first heap   total reserved 2058240K, committed 41984K, used 24557K [0x0000000082600000, 0x0000000100000000)
  region size 1M, 0 eden (0M), 2 survivor (2M), 21 old (21M), 1 humongous (1M), 17 free (17M)
}
Event: 15.346 {heap Before GC invocations=27 (full 0):
 garbage-first heap   total reserved 2058240K, committed 41984K, used 36845K [0x0000000082600000, 0x0000000100000000)
  region size 1M, 13 eden (13M), 2 survivor (2M), 21 old (21M), 1 humongous (1M), 4 free (4M)
}
Event: 15.353 {heap After GC invocations=28 (full 0):
 garbage-first heap   total reserved 2058240K, committed 41984K, used 25600K [0x0000000082600000, 0x0000000100000000)
  region size 1M, 0 eden (0M), 1 survivor (1M), 23 old (23M), 1 humongous (1M), 16 free (16M)
}
Event: 17.106 {heap Before GC invocations=28 (full 0):
 garbage-first heap   total reserved 2058240K, committed 41984K, used 37888K [0x0000000082600000, 0x0000000100000000)
  region size 1M, 13 eden (13M), 1 survivor (1M), 23 old (23M), 1 humongous (1M), 3 free (3M)
}
Event: 17.110 {heap After GC invocations=29 (full 0):
 garbage-first heap   total reserved 2058240K, committed 41984K, used 26380K [0x0000000082600000, 0x0000000100000000)
  region size 1M, 0 eden (0M), 2 survivor (2M), 23 old (23M), 1 humongous (1M), 15 free (15M)
}
Event: 18.033 {heap Before GC invocations=29 (full 0):
 garbage-first heap   total reserved 2058240K, committed 41984K, used 37644K [0x0000000082600000, 0x0000000100000000)
  region size 1M, 12 eden (12M), 2 survivor (2M), 23 old (23M), 1 humongous (1M), 3 free (3M)
}
Event: 18.038 {heap After GC invocations=30 (full 0):
 garbage-first heap   total reserved 2058240K, committed 41984K, used 26851K [0x0000000082600000, 0x0000000100000000)
  region size 1M, 0 eden (0M), 2 survivor (2M), 24 old (24M), 1 humongous (1M), 14 free (14M)
}
Event: 18.726 {heap Before GC invocations=31 (full 0):
 garbage-first heap   total reserved 2058240K, committed 41984K, used 38115K [0x0000000082600000, 0x0000000100000000)
  region size 1M, 11 eden (11M), 2 survivor (2M), 24 old (24M), 1 humongous (1M), 3 free (3M)
}
Event: 18.730 {heap After GC invocations=32 (full 0):
 garbage-first heap   total reserved 2058240K, committed 41984K, used 27363K [0x0000000082600000, 0x0000000100000000)
  region size 1M, 0 eden (0M), 1 survivor (1M), 25 old (25M), 1 humongous (1M), 14 free (14M)
}
Event: 19.233 {heap Before GC invocations=32 (full 0):
 garbage-first heap   total reserved 2058240K, committed 41984K, used 37603K [0x0000000082600000, 0x0000000100000000)
  region size 1M, 11 eden (11M), 1 survivor (1M), 25 old (25M), 1 humongous (1M), 3 free (3M)
}
Event: 19.238 {heap After GC invocations=33 (full 0):
 garbage-first heap   total reserved 2058240K, committed 41984K, used 27661K [0x0000000082600000, 0x0000000100000000)
  region size 1M, 0 eden (0M), 2 survivor (2M), 25 old (25M), 1 humongous (1M), 13 free (13M)
}
Event: 19.636 {heap Before GC invocations=33 (full 0):
 garbage-first heap   total reserved 2058240K, committed 41984K, used 37901K [0x0000000082600000, 0x0000000100000000)
  region size 1M, 10 eden (10M), 2 survivor (2M), 25 old (25M), 1 humongous (1M), 3 free (3M)
}
Event: 19.642 {heap After GC invocations=34 (full 0):
 garbage-first heap   total reserved 2058240K, committed 41984K, used 28717K [0x0000000082600000, 0x0000000100000000)
  region size 1M, 0 eden (0M), 2 survivor (2M), 26 old (26M), 1 humongous (1M), 12 free (12M)
}
Event: 20.170 {heap Before GC invocations=35 (full 0):
 garbage-first heap   total reserved 2058240K, committed 41984K, used 36909K [0x0000000082600000, 0x0000000100000000)
  region size 1M, 9 eden (9M), 2 survivor (2M), 26 old (26M), 1 humongous (1M), 3 free (3M)
}
Event: 20.176 {heap After GC invocations=36 (full 0):
 garbage-first heap   total reserved 2058240K, committed 41984K, used 29471K [0x0000000082600000, 0x0000000100000000)
  region size 1M, 0 eden (0M), 2 survivor (2M), 26 old (26M), 1 humongous (1M), 12 free (12M)
}
Event: 20.544 {heap Before GC invocations=36 (full 0):
 garbage-first heap   total reserved 2058240K, committed 41984K, used 38687K [0x0000000082600000, 0x0000000100000000)
  region size 1M, 9 eden (9M), 2 survivor (2M), 26 old (26M), 1 humongous (1M), 3 free (3M)
}
Event: 20.552 {heap After GC invocations=37 (full 0):
 garbage-first heap   total reserved 2058240K, committed 43008K, used 30212K [0x0000000082600000, 0x0000000100000000)
  region size 1M, 0 eden (0M), 2 survivor (2M), 27 old (27M), 1 humongous (1M), 12 free (12M)
}
Event: 21.015 {heap Before GC invocations=37 (full 0):
 garbage-first heap   total reserved 2058240K, committed 43008K, used 39428K [0x0000000082600000, 0x0000000100000000)
  region size 1M, 9 eden (9M), 2 survivor (2M), 27 old (27M), 1 humongous (1M), 3 free (3M)
}
Event: 21.020 {heap After GC invocations=38 (full 0):
 garbage-first heap   total reserved 2058240K, committed 43008K, used 30974K [0x0000000082600000, 0x0000000100000000)
  region size 1M, 0 eden (0M), 2 survivor (2M), 28 old (28M), 1 humongous (1M), 11 free (11M)
}
Event: 21.373 {heap Before GC invocations=39 (full 0):
 garbage-first heap   total reserved 2058240K, committed 43008K, used 39166K [0x0000000082600000, 0x0000000100000000)
  region size 1M, 8 eden (8M), 2 survivor (2M), 28 old (28M), 1 humongous (1M), 3 free (3M)
}

