# JRE version: Java(TM) SE Runtime Environment (26.0.1+8) (build 26.0.1+8-34)
# Java VM: Java HotSpot(TM) 64-Bit Server VM (26.0.1+8-34, mixed mode, emulated-client, sharing, tiered, compressed oops, compressed class ptrs, g1 gc, windows-amd64)
GC Precious Log:
 CardTable entry size: 512
 Card Set container configuration: InlinePtr #cards 5 size 8 Array Of Cards #cards 10 size 36 Howl #buckets 4 coarsen threshold 1843 Howl Bitmap #cards 512 size 80 coarsen threshold 460 Card regions per heap region 1 cards per card region 2048
 CPUs: 8 total, 8 available
 Memory: 8035M
 Large Page Support: Disabled
 NUMA Support: Disabled
 Compressed Oops: Enabled (32-bit)
 Heap Region Size: 1M
 Heap Min Capacity: 8M
 Heap Initial Capacity: 8M
 Heap Max Capacity: 2010M
 Pre-touch: Disabled
 Parallel Workers: 8
 Concurrent Workers: 2
 Concurrent Refinement Workers: 8
 Periodic GC: Disabled
Heap:
 garbage-first heap   total reserved 2058240K, committed 80896K, used 9959K [0x0000000082600000, 0x0000000100000000)
  region size 1M, 0 eden (0M), 1 survivor (1M), 9 old (9M), 0 humongous (0M), 69 free (69M)
GC Heap Usage History (20 events):
Event: 0.527 {heap After GC invocations=2 (full 0):
 garbage-first heap   total reserved 2058240K, committed 10240K, used 3760K [0x0000000082600000, 0x0000000100000000)
  region size 1M, 0 eden (0M), 1 survivor (1M), 5 old (5M), 0 humongous (0M), 4 free (4M)
}
Event: 0.607 {heap Before GC invocations=2 (full 0):
 garbage-first heap   total reserved 2058240K, committed 10240K, used 3760K [0x0000000082600000, 0x0000000100000000)
  region size 1M, 1 eden (1M), 1 survivor (1M), 5 old (5M), 0 humongous (0M), 3 free (3M)
}
Event: 0.609 {heap After GC invocations=3 (full 0):
 garbage-first heap   total reserved 2058240K, committed 10240K, used 3808K [0x0000000082600000, 0x0000000100000000)
  region size 1M, 0 eden (0M), 1 survivor (1M), 5 old (5M), 0 humongous (0M), 4 free (4M)
}
Event: 0.738 {heap Before GC invocations=4 (full 0):
 garbage-first heap   total reserved 2058240K, committed 10240K, used 4832K [0x0000000082600000, 0x0000000100000000)
  region size 1M, 2 eden (2M), 1 survivor (1M), 5 old (5M), 0 humongous (0M), 2 free (2M)
}
Event: 0.741 {heap After GC invocations=5 (full 0):
 garbage-first heap   total reserved 2058240K, committed 30720K, used 4087K [0x0000000082600000, 0x0000000100000000)
  region size 1M, 0 eden (0M), 1 survivor (1M), 5 old (5M), 0 humongous (0M), 24 free (24M)
}
Event: 1.361 {heap Before GC invocations=5 (full 0):
 garbage-first heap   total reserved 2058240K, committed 30720K, used 17399K [0x0000000082600000, 0x0000000100000000)
  region size 1M, 14 eden (14M), 1 survivor (1M), 5 old (5M), 0 humongous (0M), 10 free (10M)
}
Event: 1.370 {heap After GC invocations=6 (full 0):
 garbage-first heap   total reserved 2058240K, committed 30720K, used 5624K [0x0000000082600000, 0x0000000100000000)
  region size 1M, 0 eden (0M), 2 survivor (2M), 4 old (4M), 0 humongous (0M), 24 free (24M)
}
Event: 1.793 {heap Before GC invocations=6 (full 0):
 garbage-first heap   total reserved 2058240K, committed 30720K, used 19960K [0x0000000082600000, 0x0000000100000000)
  region size 1M, 15 eden (15M), 2 survivor (2M), 4 old (4M), 0 humongous (0M), 9 free (9M)
}
Event: 1.798 {heap After GC invocations=7 (full 0):
 garbage-first heap   total reserved 2058240K, committed 30720K, used 6683K [0x0000000082600000, 0x0000000100000000)
  region size 1M, 0 eden (0M), 1 survivor (1M), 6 old (6M), 0 humongous (0M), 23 free (23M)
}
Event: 2.155 {heap Before GC invocations=7 (full 0):
 garbage-first heap   total reserved 2058240K, committed 30720K, used 22043K [0x0000000082600000, 0x0000000100000000)
  region size 1M, 16 eden (16M), 1 survivor (1M), 6 old (6M), 0 humongous (0M), 7 free (7M)
}
Event: 2.161 {heap After GC invocations=8 (full 0):
 garbage-first heap   total reserved 2058240K, committed 30720K, used 8142K [0x0000000082600000, 0x0000000100000000)
  region size 1M, 0 eden (0M), 3 survivor (3M), 6 old (6M), 0 humongous (0M), 21 free (21M)
}
Event: 3.485 {heap Before GC invocations=8 (full 0):
 garbage-first heap   total reserved 2058240K, committed 30720K, used 22478K [0x0000000082600000, 0x0000000100000000)
  region size 1M, 15 eden (15M), 3 survivor (3M), 6 old (6M), 0 humongous (0M), 6 free (6M)
}
Event: 4.492 {heap After GC invocations=9 (full 0):
 garbage-first heap   total reserved 2058240K, committed 80896K, used 9088K [0x0000000082600000, 0x0000000100000000)
  region size 1M, 0 eden (0M), 3 survivor (3M), 7 old (7M), 0 humongous (0M), 69 free (69M)
}
Event: 4.555 {heap Before GC invocations=9 (full 0):
 garbage-first heap   total reserved 2058240K, committed 80896K, used 9088K [0x0000000082600000, 0x0000000100000000)
  region size 1M, 1 eden (1M), 3 survivor (3M), 7 old (7M), 0 humongous (0M), 68 free (68M)
}
Event: 4.559 {heap After GC invocations=10 (full 0):
 garbage-first heap   total reserved 2058240K, committed 80896K, used 9594K [0x0000000082600000, 0x0000000100000000)
  region size 1M, 0 eden (0M), 1 survivor (1M), 9 old (9M), 0 humongous (0M), 69 free (69M)
}
Event: 4.594 {heap Before GC invocations=10 (full 0):
 garbage-first heap   total reserved 2058240K, committed 80896K, used 11642K [0x0000000082600000, 0x0000000100000000)
  region size 1M, 2 eden (2M), 1 survivor (1M), 9 old (9M), 0 humongous (0M), 67 free (67M)
}
Event: 4.595 {heap After GC invocations=11 (full 0):
 garbage-first heap   total reserved 2058240K, committed 80896K, used 9366K [0x0000000082600000, 0x0000000100000000)
  region size 1M, 0 eden (0M), 1 survivor (1M), 9 old (9M), 0 humongous (0M), 69 free (69M)
}
Event: 4.626 {heap Before GC invocations=11 (full 0):
 garbage-first heap   total reserved 2058240K, committed 80896K, used 10390K [0x0000000082600000, 0x0000000100000000)
  region size 1M, 2 eden (2M), 1 survivor (1M), 9 old (9M), 0 humongous (0M), 67 free (67M)
}
Event: 4.628 {heap After GC invocations=12 (full 0):
 garbage-first heap   total reserved 2058240K, committed 80896K, used 10433K [0x0000000082600000, 0x0000000100000000)
  region size 1M, 0 eden (0M), 1 survivor (1M), 10 old (10M), 0 humongous (0M), 68 free (68M)
}
Event: 4.660 {heap Before GC invocations=12 (full 0):
 garbage-first heap   total reserved 2058240K, committed 80896K, used 12481K [0x0000000082600000, 0x0000000100000000)
  region size 1M, 2 eden (2M), 1 survivor (1M), 10 old (10M), 0 humongous (0M), 66 free (66M)
}

