# JRE version: Java(TM) SE Runtime Environment (26.0.1+8) (build 26.0.1+8-34)
# Java VM: Java HotSpot(TM) 64-Bit Server VM (26.0.1+8-34, mixed mode, emulated-client, sharing, tiered, compressed oops, compressed class ptrs, g1 gc, windows-amd64)
GC Precious Log:
 CardTable entry size: 512
 Card Set container configuration: InlinePtr #cards 5 size 8 Array Of Cards #cards 10 size 36 Howl #buckets 4 coarsen threshold 1843 Howl Bitmap #cards 512 size 80 coarsen threshold 460 Card regions per heap region 1 cards per card region 2048
 CPUs: 8 total, 8 available
 Memory: 8035M
 Large Page Support: Disabled
 NUMA Support: Disabled
 Compressed Oops: Enabled (32-bit)
 Heap Region Size: 1M
 Heap Min Capacity: 8M
 Heap Initial Capacity: 8M
 Heap Max Capacity: 2010M
 Pre-touch: Disabled
 Parallel Workers: 8
 Concurrent Workers: 2
 Concurrent Refinement Workers: 8
 Periodic GC: Disabled
Heap:
 garbage-first heap   total reserved 2058240K, committed 24576K, used 9627K [0x0000000082600000, 0x0000000100000000)
  region size 1M, 0 eden (0M), 2 survivor (2M), 8 old (8M), 1 humongous (1M), 13 free (13M)
GC Heap Usage History (17 events):
Event: 0.571 {heap Before GC invocations=0 (full 0):
 garbage-first heap   total reserved 2058240K, committed 10240K, used 5283K [0x0000000082600000, 0x0000000100000000)
  region size 1M, 4 eden (4M), 0 survivor (0M), 2 old (2M), 1 humongous (1M), 3 free (3M)
}
Event: 0.577 {heap After GC invocations=1 (full 0):
 garbage-first heap   total reserved 2058240K, committed 10240K, used 4623K [0x0000000082600000, 0x0000000100000000)
  region size 1M, 0 eden (0M), 1 survivor (1M), 4 old (4M), 1 humongous (1M), 4 free (4M)
}
Event: 0.667 {heap Before GC invocations=1 (full 0):
 garbage-first heap   total reserved 2058240K, committed 10240K, used 5647K [0x0000000082600000, 0x0000000100000000)
  region size 1M, 1 eden (1M), 1 survivor (1M), 4 old (4M), 1 humongous (1M), 3 free (3M)
}
Event: 0.671 {heap After GC invocations=2 (full 0):
 garbage-first heap   total reserved 2058240K, committed 10240K, used 5503K [0x0000000082600000, 0x0000000100000000)
  region size 1M, 0 eden (0M), 1 survivor (1M), 5 old (5M), 1 humongous (1M), 3 free (3M)
}
Event: 0.734 {heap Before GC invocations=3 (full 0):
 garbage-first heap   total reserved 2058240K, committed 10240K, used 5503K [0x0000000082600000, 0x0000000100000000)
  region size 1M, 1 eden (1M), 1 survivor (1M), 5 old (5M), 1 humongous (1M), 2 free (2M)
}
Event: 0.737 {heap After GC invocations=4 (full 0):
 garbage-first heap   total reserved 2058240K, committed 10240K, used 6222K [0x0000000082600000, 0x0000000100000000)
  region size 1M, 0 eden (0M), 1 survivor (1M), 6 old (6M), 1 humongous (1M), 2 free (2M)
}
Event: 0.814 {heap Before GC invocations=4 (full 0):
 garbage-first heap   total reserved 2058240K, committed 10240K, used 6222K [0x0000000082600000, 0x0000000100000000)
  region size 1M, 1 eden (1M), 1 survivor (1M), 6 old (6M), 1 humongous (1M), 1 free (1M)
}
Event: 0.817 {heap After GC invocations=5 (full 0):
 garbage-first heap   total reserved 2058240K, committed 24576K, used 6350K [0x0000000082600000, 0x0000000100000000)
  region size 1M, 0 eden (0M), 1 survivor (1M), 6 old (6M), 1 humongous (1M), 16 free (16M)
}
Event: 1.229 {heap Before GC invocations=5 (full 0):
 garbage-first heap   total reserved 2058240K, committed 24576K, used 11470K [0x0000000082600000, 0x0000000100000000)
  region size 1M, 6 eden (6M), 1 survivor (1M), 6 old (6M), 1 humongous (1M), 10 free (10M)
}
Event: 1.234 {heap After GC invocations=6 (full 0):
 garbage-first heap   total reserved 2058240K, committed 24576K, used 7209K [0x0000000082600000, 0x0000000100000000)
  region size 1M, 0 eden (0M), 1 survivor (1M), 6 old (6M), 1 humongous (1M), 16 free (16M)
}
Event: 1.625 {heap Before GC invocations=6 (full 0):
 garbage-first heap   total reserved 2058240K, committed 24576K, used 13353K [0x0000000082600000, 0x0000000100000000)
  region size 1M, 6 eden (6M), 1 survivor (1M), 6 old (6M), 1 humongous (1M), 10 free (10M)
}
Event: 1.630 {heap After GC invocations=7 (full 0):
 garbage-first heap   total reserved 2058240K, committed 24576K, used 7692K [0x0000000082600000, 0x0000000100000000)
  region size 1M, 0 eden (0M), 1 survivor (1M), 6 old (6M), 1 humongous (1M), 16 free (16M)
}
Event: 2.109 {heap Before GC invocations=7 (full 0):
 garbage-first heap   total reserved 2058240K, committed 24576K, used 13836K [0x0000000082600000, 0x0000000100000000)
  region size 1M, 7 eden (7M), 1 survivor (1M), 6 old (6M), 1 humongous (1M), 9 free (9M)
}
Event: 2.117 {heap After GC invocations=8 (full 0):
 garbage-first heap   total reserved 2058240K, committed 24576K, used 8472K [0x0000000082600000, 0x0000000100000000)
  region size 1M, 0 eden (0M), 1 survivor (1M), 7 old (7M), 1 humongous (1M), 15 free (15M)
}
Event: 2.511 {heap Before GC invocations=8 (full 0):
 garbage-first heap   total reserved 2058240K, committed 24576K, used 16664K [0x0000000082600000, 0x0000000100000000)
  region size 1M, 8 eden (8M), 1 survivor (1M), 7 old (7M), 1 humongous (1M), 7 free (7M)
}
Event: 2.519 {heap After GC invocations=9 (full 0):
 garbage-first heap   total reserved 2058240K, committed 24576K, used 9186K [0x0000000082600000, 0x0000000100000000)
  region size 1M, 0 eden (0M), 2 survivor (2M), 7 old (7M), 1 humongous (1M), 14 free (14M)
}
Event: 2.819 {heap Before GC invocations=9 (full 0):
 garbage-first heap   total reserved 2058240K, committed 24576K, used 17378K [0x0000000082600000, 0x0000000100000000)
  region size 1M, 8 eden (8M), 2 survivor (2M), 7 old (7M), 1 humongous (1M), 6 free (6M)
}

