# JRE version: Java(TM) SE Runtime Environment (26.0.1+8) (build 26.0.1+8-34)
# Java VM: Java HotSpot(TM) 64-Bit Server VM (26.0.1+8-34, mixed mode, emulated-client, sharing, tiered, compressed oops, compressed class ptrs, g1 gc, windows-amd64)
GC Precious Log:
 CardTable entry size: 512
 Card Set container configuration: InlinePtr #cards 5 size 8 Array Of Cards #cards 10 size 36 Howl #buckets 4 coarsen threshold 1843 Howl Bitmap #cards 512 size 80 coarsen threshold 460 Card regions per heap region 1 cards per card region 2048
 CPUs: 8 total, 8 available
 Memory: 8035M
 Large Page Support: Disabled
 NUMA Support: Disabled
 Compressed Oops: Enabled (32-bit)
 Heap Region Size: 1M
 Heap Min Capacity: 8M
 Heap Initial Capacity: 8M
 Heap Max Capacity: 2010M
 Pre-touch: Disabled
 Parallel Workers: 8
 Concurrent Workers: 2
 Concurrent Refinement Workers: 8
 Periodic GC: Disabled
Heap:
 garbage-first heap   total reserved 2058240K, committed 88064K, used 25655K [0x0000000082600000, 0x0000000100000000)
  region size 1M, 0 eden (0M), 7 survivor (7M), 18 old (18M), 1 humongous (1M), 60 free (60M)
GC Heap Usage History (20 events):
Event: 0.570 {heap After GC invocations=4 (full 0):
 garbage-first heap   total reserved 2058240K, committed 10240K, used 6262K [0x0000000082600000, 0x0000000100000000)
  region size 1M, 0 eden (0M), 1 survivor (1M), 6 old (6M), 1 humongous (1M), 2 free (2M)
}
Event: 0.651 {heap Before GC invocations=4 (full 0):
 garbage-first heap   total reserved 2058240K, committed 10240K, used 7286K [0x0000000082600000, 0x0000000100000000)
  region size 1M, 1 eden (1M), 1 survivor (1M), 6 old (6M), 1 humongous (1M), 1 free (1M)
}
Event: 0.654 {heap After GC invocations=5 (full 0):
 garbage-first heap   total reserved 2058240K, committed 33792K, used 6373K [0x0000000082600000, 0x0000000100000000)
  region size 1M, 0 eden (0M), 1 survivor (1M), 6 old (6M), 1 humongous (1M), 25 free (25M)
}
Event: 1.237 {heap Before GC invocations=5 (full 0):
 garbage-first heap   total reserved 2058240K, committed 33792K, used 14565K [0x0000000082600000, 0x0000000100000000)
  region size 1M, 9 eden (9M), 1 survivor (1M), 6 old (6M), 1 humongous (1M), 16 free (16M)
}
Event: 1.243 {heap After GC invocations=6 (full 0):
 garbage-first heap   total reserved 2058240K, committed 33792K, used 7493K [0x0000000082600000, 0x0000000100000000)
  region size 1M, 0 eden (0M), 2 survivor (2M), 6 old (6M), 1 humongous (1M), 24 free (24M)
}
Event: 1.638 {heap Before GC invocations=6 (full 0):
 garbage-first heap   total reserved 2058240K, committed 33792K, used 14661K [0x0000000082600000, 0x0000000100000000)
  region size 1M, 8 eden (8M), 2 survivor (2M), 6 old (6M), 1 humongous (1M), 16 free (16M)
}
Event: 1.644 {heap After GC invocations=7 (full 0):
 garbage-first heap   total reserved 2058240K, committed 33792K, used 8466K [0x0000000082600000, 0x0000000100000000)
  region size 1M, 0 eden (0M), 1 survivor (1M), 7 old (7M), 1 humongous (1M), 24 free (24M)
}
Event: 2.035 {heap Before GC invocations=7 (full 0):
 garbage-first heap   total reserved 2058240K, committed 33792K, used 18706K [0x0000000082600000, 0x0000000100000000)
  region size 1M, 10 eden (10M), 1 survivor (1M), 7 old (7M), 1 humongous (1M), 14 free (14M)
}
Event: 2.041 {heap After GC invocations=8 (full 0):
 garbage-first heap   total reserved 2058240K, committed 33792K, used 9219K [0x0000000082600000, 0x0000000100000000)
  region size 1M, 0 eden (0M), 2 survivor (2M), 7 old (7M), 1 humongous (1M), 23 free (23M)
}
Event: 2.385 {heap Before GC invocations=8 (full 0):
 garbage-first heap   total reserved 2058240K, committed 33792K, used 22531K [0x0000000082600000, 0x0000000100000000)
  region size 1M, 13 eden (13M), 2 survivor (2M), 7 old (7M), 1 humongous (1M), 10 free (10M)
}
Event: 2.391 {heap After GC invocations=9 (full 0):
 garbage-first heap   total reserved 2058240K, committed 33792K, used 10074K [0x0000000082600000, 0x0000000100000000)
  region size 1M, 0 eden (0M), 2 survivor (2M), 8 old (8M), 1 humongous (1M), 22 free (22M)
}
Event: 2.644 {heap Before GC invocations=9 (full 0):
 garbage-first heap   total reserved 2058240K, committed 33792K, used 23386K [0x0000000082600000, 0x0000000100000000)
  region size 1M, 13 eden (13M), 2 survivor (2M), 8 old (8M), 1 humongous (1M), 9 free (9M)
}
Event: 2.649 {heap After GC invocations=10 (full 0):
 garbage-first heap   total reserved 2058240K, committed 88064K, used 10867K [0x0000000082600000, 0x0000000100000000)
  region size 1M, 0 eden (0M), 2 survivor (2M), 8 old (8M), 1 humongous (1M), 75 free (75M)
}
Event: 3.382 {heap Before GC invocations=10 (full 0):
 garbage-first heap   total reserved 2058240K, committed 88064K, used 47731K [0x0000000082600000, 0x0000000100000000)
  region size 1M, 38 eden (38M), 2 survivor (2M), 8 old (8M), 1 humongous (1M), 37 free (37M)
}
Event: 3.400 {heap After GC invocations=11 (full 0):
 garbage-first heap   total reserved 2058240K, committed 88064K, used 14610K [0x0000000082600000, 0x0000000100000000)
  region size 1M, 0 eden (0M), 6 survivor (6M), 8 old (8M), 1 humongous (1M), 71 free (71M)
}
Event: 5.268 {heap Before GC invocations=12 (full 0):
 garbage-first heap   total reserved 2058240K, committed 88064K, used 60690K [0x0000000082600000, 0x0000000100000000)
  region size 1M, 45 eden (45M), 6 survivor (6M), 8 old (8M), 1 humongous (1M), 26 free (26M)
}
Event: 5.323 {heap After GC invocations=13 (full 0):
 garbage-first heap   total reserved 2058240K, committed 88064K, used 18561K [0x0000000082600000, 0x0000000100000000)
  region size 1M, 0 eden (0M), 7 survivor (7M), 11 old (11M), 1 humongous (1M), 67 free (67M)
}
Event: 6.868 {heap Before GC invocations=13 (full 0):
 garbage-first heap   total reserved 2058240K, committed 88064K, used 52353K [0x0000000082600000, 0x0000000100000000)
  region size 1M, 34 eden (34M), 7 survivor (7M), 11 old (11M), 1 humongous (1M), 33 free (33M)
}
Event: 6.882 {heap After GC invocations=14 (full 0):
 garbage-first heap   total reserved 2058240K, committed 88064K, used 21263K [0x0000000082600000, 0x0000000100000000)
  region size 1M, 0 eden (0M), 7 survivor (7M), 14 old (14M), 1 humongous (1M), 64 free (64M)
}
Event: 9.330 {heap Before GC invocations=15 (full 0):
 garbage-first heap   total reserved 2058240K, committed 88064K, used 66319K [0x0000000082600000, 0x0000000100000000)
  region size 1M, 44 eden (44M), 7 survivor (7M), 14 old (14M), 1 humongous (1M), 20 free (20M)
}

